<?xml version="1.0" encoding="UTF-8"?>
<!-- Generated by org.testng.reporters.JUnitReportReporter -->
<testsuite skipped="0" hostname="ARPIT-PC" name="sampletestpackage.SampleFirstAPITest" tests="3" failures="0" timestamp="2021-05-09T17:24:13 IST" time="10.765" errors="0">
  <testcase name="addPlace" time="3.321" classname="sampletestpackage.SampleFirstAPITest"/>
  <system-out/>
  <testcase name="updatePlace" time="7.136" classname="sampletestpackage.SampleFirstAPITest"/>
  <system-out/>
  <testcase name="testSampleNestedJson" time="0.308" classname="sampletestpackage.SampleFirstAPITest"/>
  <system-out/>
</testsuite> <!-- sampletestpackage.SampleFirstAPITest -->
