<?xml version="1.0" encoding="UTF-8"?>
<!-- Generated by org.testng.reporters.JUnitReportReporter -->
<testsuite skipped="0" hostname="ARPIT-PC" name="sampletestpackage.SampleFirstAPITest" tests="3" failures="0" timestamp="2021-05-09T20:11:34 IST" time="10.632" errors="0">
  <testcase name="addPlace" time="3.967" classname="sampletestpackage.SampleFirstAPITest"/>
  <system-out/>
  <testcase name="updatePlace" time="6.400" classname="sampletestpackage.SampleFirstAPITest"/>
  <system-out/>
  <testcase name="testSampleNestedJson" time="0.265" classname="sampletestpackage.SampleFirstAPITest"/>
  <system-out/>
</testsuite> <!-- sampletestpackage.SampleFirstAPITest -->
